\BOOKMARK [0][]{chapter*.1}{Lista de Figuras}{}% 1
\BOOKMARK [0][]{chapter*.2}{Lista de Tabelas}{}% 2
\BOOKMARK [0][]{chapter.1}{Introdu\347\343o}{}% 3
\BOOKMARK [1][]{section.1.1}{Ambiente, Assembler e Disassembler}{chapter.1}% 4
\BOOKMARK [1][]{section.1.2}{Arquitetura Dalvik e Dalvik Bytecode}{chapter.1}% 5
\BOOKMARK [2][]{subsection.1.2.1}{Dalvik}{section.1.2}% 6
\BOOKMARK [2][]{subsection.1.2.2}{Bytecode}{section.1.2}% 7
\BOOKMARK [0][]{chapter.2}{Compilador}{}% 8
\BOOKMARK [1][]{section.2.1}{Arquitetura}{chapter.2}% 9
\BOOKMARK [1][]{section.2.2}{Analisador L\351xico}{chapter.2}% 10
\BOOKMARK [2][]{subsection.2.2.1}{Apresenta\347\343o}{section.2.2}% 11
\BOOKMARK [2][]{subsection.2.2.2}{Implementa\347\343o}{section.2.2}% 12
\BOOKMARK [2][]{subsection.2.2.3}{Utiliza\347\343o}{section.2.2}% 13
\BOOKMARK [1][]{section.2.3}{Analisador Sint\341tico}{chapter.2}% 14
\BOOKMARK [2][]{subsection.2.3.1}{Implementa\347\343o}{section.2.3}% 15
\BOOKMARK [2][]{subsection.2.3.2}{Utiliza\347\343o}{section.2.3}% 16
\BOOKMARK [1][]{section.2.4}{Analisador Sem\342ntico}{chapter.2}% 17
\BOOKMARK [2][]{subsection.2.4.1}{Implementa\347\343o}{section.2.4}% 18
\BOOKMARK [2][]{subsection.2.4.2}{Utiliza\347\343o}{section.2.4}% 19
\BOOKMARK [1][]{section.2.5}{Int\351rprete}{chapter.2}% 20
\BOOKMARK [2][]{subsection.2.5.1}{Implementa\347\343o}{section.2.5}% 21
\BOOKMARK [2][]{subsection.2.5.2}{Utiliza\347\343o}{section.2.5}% 22
\BOOKMARK [1][]{section.2.6}{Representa\347\343o Intermedi\341ria}{chapter.2}% 23
\BOOKMARK [2][]{subsection.2.6.1}{Implementa\347\343o}{section.2.6}% 24
\BOOKMARK [2][]{subsection.2.6.2}{Utiliza\347\343o}{section.2.6}% 25
\BOOKMARK [1][]{section.2.7}{Tradu\347\343o para bytecode}{chapter.2}% 26
\BOOKMARK [2][]{subsection.2.7.1}{Implementa\347\343o}{section.2.7}% 27
\BOOKMARK [2][]{subsection.2.7.2}{Utiliza\347\343o}{section.2.7}% 28
\BOOKMARK [0][]{chapter.3}{C\363digos}{}% 29
\BOOKMARK [1][]{section.3.1}{portugol e smali}{chapter.3}% 30
\BOOKMARK [0][]{chapter.4}{Refer\352ncias}{}% 31
